2020-03-18 15:22:17.298  INFO 4407 --- [main] c.i.edp.explorer.ui.Application          : Starting Application v1.0 on root with PID 4407 (/home/sai/EDP-DATA-MODULES/GITREPOSITROYDEPLOYMENT/Kafka-Data-Explorer/libs/edp-explorer-ui-1.0.jar started by root in /home/sai/EDP-DATA-MODULES/GITREPOSITROYDEPLOYMENT/Kafka-Data-Explorer/libs)
2020-03-18 15:22:17.306  INFO 4407 --- [main] c.i.edp.explorer.ui.Application          : No active profile set, falling back to default profiles: default
2020-03-18 15:22:17.399  INFO 4407 --- [main] ConfigServletWebServerApplicationContext : Refreshing org.springframework.boot.web.servlet.context.AnnotationConfigServletWebServerApplicationContext@424c0bc4: startup date [Wed Mar 18 15:22:17 IST 2020]; root of context hierarchy
2020-03-18 15:22:19.114  INFO 4407 --- [main] o.s.b.w.embedded.tomcat.TomcatWebServer  : Tomcat initialized with port(s): 8080 (http)
2020-03-18 15:22:19.172  INFO 4407 --- [main] o.apache.catalina.core.StandardService   : Starting service [Tomcat]
2020-03-18 15:22:19.172  INFO 4407 --- [main] org.apache.catalina.core.StandardEngine  : Starting Servlet Engine: Apache Tomcat/8.5.29
2020-03-18 15:22:19.189  INFO 4407 --- [localhost-startStop-1] o.a.catalina.core.AprLifecycleListener   : The APR based Apache Tomcat Native library which allows optimal performance in production environments was not found on the java.library.path: [/usr/java/packages/lib/amd64:/usr/lib64:/lib64:/lib:/usr/lib]
2020-03-18 15:22:19.314  INFO 4407 --- [localhost-startStop-1] o.a.c.c.C.[Tomcat].[localhost].[/]       : Initializing Spring embedded WebApplicationContext
2020-03-18 15:22:19.315  INFO 4407 --- [localhost-startStop-1] o.s.web.context.ContextLoader            : Root WebApplicationContext: initialization completed in 1916 ms
2020-03-18 15:22:19.474  INFO 4407 --- [localhost-startStop-1] o.s.b.w.servlet.ServletRegistrationBean  : Servlet dispatcherServlet mapped to [/]
2020-03-18 15:22:19.480  INFO 4407 --- [localhost-startStop-1] o.s.b.w.servlet.FilterRegistrationBean   : Mapping filter: 'characterEncodingFilter' to: [/*]
2020-03-18 15:22:19.481  INFO 4407 --- [localhost-startStop-1] o.s.b.w.servlet.FilterRegistrationBean   : Mapping filter: 'hiddenHttpMethodFilter' to: [/*]
2020-03-18 15:22:19.481  INFO 4407 --- [localhost-startStop-1] o.s.b.w.servlet.FilterRegistrationBean   : Mapping filter: 'httpPutFormContentFilter' to: [/*]
2020-03-18 15:22:19.482  INFO 4407 --- [localhost-startStop-1] o.s.b.w.servlet.FilterRegistrationBean   : Mapping filter: 'requestContextFilter' to: [/*]
2020-03-18 15:22:19.677  INFO 4407 --- [main] o.s.w.s.handler.SimpleUrlHandlerMapping  : Mapped URL path [/**/favicon.ico] onto handler of type [class org.springframework.web.servlet.resource.ResourceHttpRequestHandler]
2020-03-18 15:22:20.049  INFO 4407 --- [main] s.w.s.m.m.a.RequestMappingHandlerAdapter : Looking for @ControllerAdvice: org.springframework.boot.web.servlet.context.AnnotationConfigServletWebServerApplicationContext@424c0bc4: startup date [Wed Mar 18 15:22:17 IST 2020]; root of context hierarchy
2020-03-18 15:22:20.171  INFO 4407 --- [main] s.w.s.m.m.a.RequestMappingHandlerMapping : Mapped "{[/error],produces=[text/html]}" onto public org.springframework.web.servlet.ModelAndView org.springframework.boot.autoconfigure.web.servlet.error.BasicErrorController.errorHtml(javax.servlet.http.HttpServletRequest,javax.servlet.http.HttpServletResponse)
2020-03-18 15:22:20.172  INFO 4407 --- [main] s.w.s.m.m.a.RequestMappingHandlerMapping : Mapped "{[/error]}" onto public org.springframework.http.ResponseEntity<java.util.Map<java.lang.String, java.lang.Object>> org.springframework.boot.autoconfigure.web.servlet.error.BasicErrorController.error(javax.servlet.http.HttpServletRequest)
2020-03-18 15:22:20.206  INFO 4407 --- [main] o.s.w.s.handler.SimpleUrlHandlerMapping  : Mapped URL path [/webjars/**] onto handler of type [class org.springframework.web.servlet.resource.ResourceHttpRequestHandler]
2020-03-18 15:22:20.206  INFO 4407 --- [main] o.s.w.s.handler.SimpleUrlHandlerMapping  : Mapped URL path [/**] onto handler of type [class org.springframework.web.servlet.resource.ResourceHttpRequestHandler]
2020-03-18 15:22:20.373  INFO 4407 --- [main] o.s.j.e.a.AnnotationMBeanExporter        : Registering beans for JMX exposure on startup
2020-03-18 15:22:20.420  INFO 4407 --- [main] o.s.b.w.embedded.tomcat.TomcatWebServer  : Tomcat started on port(s): 8080 (http) with context path ''
2020-03-18 15:22:20.424  INFO 4407 --- [main] c.i.edp.explorer.ui.Application          : Started Application in 3.702 seconds (JVM running for 4.333)
2020-03-18 15:22:24.058  INFO 4407 --- [Thread-3] ConfigServletWebServerApplicationContext : Closing org.springframework.boot.web.servlet.context.AnnotationConfigServletWebServerApplicationContext@424c0bc4: startup date [Wed Mar 18 15:22:17 IST 2020]; root of context hierarchy
2020-03-18 15:22:24.068  INFO 4407 --- [Thread-3] o.s.j.e.a.AnnotationMBeanExporter        : Unregistering JMX-exposed beans on shutdown
